Using pre-set license
Built from '2021.3/staging' branch; Version is '2021.3.8f1 (b30333d56e81) revision 11731763'; Using compiler version '192829333'; Build Type 'Release'
OS: 'Windows 11  (10.0.22621) 64bit Professional' Language: 'zh' Physical Memory: 16061 MB
BatchMode: 1, IsHumanControllingUs: 0, StartBugReporterOnCrash: 0, Is64bit: 1, IsPro: 1

COMMAND LINE ARGUMENTS:
C:\Program Files\Unity\Hub\Editor\2021.3.8f1\Editor\Unity.exe
-adb2
-batchMode
-noUpm
-name
AssetImportWorker2
-projectPath
D:/mihoyo_test/test_result
-logFile
Logs/AssetImportWorker2.log
-srvPort
63953
Successfully changed project path to: D:/mihoyo_test/test_result
D:/mihoyo_test/test_result
[UnityMemory] Configuration Parameters - Can be set up in boot.config
    "memorysetup-bucket-allocator-granularity=16"
    "memorysetup-bucket-allocator-bucket-count=8"
    "memorysetup-bucket-allocator-block-size=33554432"
    "memorysetup-bucket-allocator-block-count=8"
    "memorysetup-main-allocator-block-size=16777216"
    "memorysetup-thread-allocator-block-size=16777216"
    "memorysetup-gfx-main-allocator-block-size=16777216"
    "memorysetup-gfx-thread-allocator-block-size=16777216"
    "memorysetup-cache-allocator-block-size=4194304"
    "memorysetup-typetree-allocator-block-size=2097152"
    "memorysetup-profiler-bucket-allocator-granularity=16"
    "memorysetup-profiler-bucket-allocator-bucket-count=8"
    "memorysetup-profiler-bucket-allocator-block-size=33554432"
    "memorysetup-profiler-bucket-allocator-block-count=8"
    "memorysetup-profiler-allocator-block-size=16777216"
    "memorysetup-profiler-editor-allocator-block-size=1048576"
    "memorysetup-temp-allocator-size-main=16777216"
    "memorysetup-job-temp-allocator-block-size=2097152"
    "memorysetup-job-temp-allocator-block-size-background=1048576"
    "memorysetup-job-temp-allocator-reduction-small-platforms=262144"
    "memorysetup-temp-allocator-size-background-worker=32768"
    "memorysetup-temp-allocator-size-job-worker=262144"
    "memorysetup-temp-allocator-size-preload-manager=33554432"
    "memorysetup-temp-allocator-size-nav-mesh-worker=65536"
    "memorysetup-temp-allocator-size-audio-worker=65536"
    "memorysetup-temp-allocator-size-cloud-worker=32768"
    "memorysetup-temp-allocator-size-gi-baking-worker=262144"
    "memorysetup-temp-allocator-size-gfx=262144"
Refreshing native plugins compatible for Editor in 29.05 ms, found 2 plugins.
Preloading 0 native plugins for Editor in 0.00 ms.
Initialize engine version: 2021.3.8f1 (b30333d56e81)
[Subsystems] Discovering subsystems at path C:/Program Files/Unity/Hub/Editor/2021.3.8f1/Editor/Data/Resources/UnitySubsystems
[Subsystems] Discovering subsystems at path D:/mihoyo_test/test_result/Assets
GfxDevice: creating device client; threaded=0; jobified=0
Direct3D:
    Version:  Direct3D 11.0 [level 11.1]
    Renderer: NVIDIA GeForce RTX 3070 Laptop GPU (ID=0x24dd)
    Vendor:   NVIDIA
    VRAM:     8033 MB
    Driver:   31.0.15.2849
Shader 'Sand/Sky': fallback shader 'Transparent' not found
Initialize mono
Mono path[0] = 'C:/Program Files/Unity/Hub/Editor/2021.3.8f1/Editor/Data/Managed'
Mono path[1] = 'C:/Program Files/Unity/Hub/Editor/2021.3.8f1/Editor/Data/MonoBleedingEdge/lib/mono/unityjit-win32'
Mono config path = 'C:/Program Files/Unity/Hub/Editor/2021.3.8f1/Editor/Data/MonoBleedingEdge/etc'
Using monoOptions --debugger-agent=transport=dt_socket,embedding=1,server=y,suspend=n,address=127.0.0.1:56452
Begin MonoManager ReloadAssembly
Registering precompiled unity dll's ...
Register platform support module: C:/Program Files/Unity/Hub/Editor/2021.3.8f1/Editor/Data/PlaybackEngines/WebGLSupport/UnityEditor.WebGL.Extensions.dll
Register platform support module: C:/Program Files/Unity/Hub/Editor/2021.3.8f1/Editor/Data/PlaybackEngines/AndroidPlayer/UnityEditor.Android.Extensions.dll
Register platform support module: C:/Program Files/Unity/Hub/Editor/2021.3.8f1/Editor/Data/PlaybackEngines/WindowsStandaloneSupport/UnityEditor.WindowsStandalone.Extensions.dll
Register platform support module: C:/Program Files/Unity/Hub/Editor/2021.3.8f1/Editor/Data/PlaybackEngines/LinuxStandaloneSupport/UnityEditor.LinuxStandalone.Extensions.dll
Registered in 0.004581 seconds.
Native extension for LinuxStandalone target not found
Native extension for WindowsStandalone target not found
Native extension for Android target not found
Native extension for WebGL target not found
Refreshing native plugins compatible for Editor in 28.29 ms, found 2 plugins.
Preloading 0 native plugins for Editor in 0.00 ms.
Mono: successfully reloaded assembly
- Completed reload, in  0.454 seconds
Domain Reload Profiling:
	ReloadAssembly (454ms)
		BeginReloadAssembly (53ms)
			ExecutionOrderSort (0ms)
			DisableScriptedObjects (0ms)
			BackupInstance (0ms)
			ReleaseScriptingObjects (0ms)
			CreateAndSetChildDomain (1ms)
		EndReloadAssembly (321ms)
			LoadAssemblies (52ms)
			RebuildTransferFunctionScriptingTraits (0ms)
			SetupTypeCache (79ms)
			ReleaseScriptCaches (0ms)
			RebuildScriptCaches (22ms)
			SetupLoadedEditorAssemblies (184ms)
				LogAssemblyErrors (0ms)
				InitializePlatformSupportModulesInManaged (43ms)
				SetLoadedEditorAssemblies (0ms)
				RefreshPlugins (28ms)
				BeforeProcessingInitializeOnLoad (1ms)
				ProcessInitializeOnLoadAttributes (77ms)
				ProcessInitializeOnLoadMethodAttributes (34ms)
				AfterProcessingInitializeOnLoad (0ms)
				EditorAssembliesLoaded (0ms)
			ExecutionOrderSort2 (0ms)
			AwakeInstancesAfterBackupRestoration (0ms)
Platform modules already initialized, skipping
Registering precompiled user dll's ...
Registered in 0.001420 seconds.
Begin MonoManager ReloadAssembly
Native extension for LinuxStandalone target not found
Native extension for WindowsStandalone target not found
Native extension for Android target not found
Native extension for WebGL target not found
Refreshing native plugins compatible for Editor in 0.43 ms, found 2 plugins.
Preloading 0 native plugins for Editor in 0.00 ms.
Mono: successfully reloaded assembly
- Completed reload, in  0.792 seconds
Domain Reload Profiling:
	ReloadAssembly (792ms)
		BeginReloadAssembly (200ms)
			ExecutionOrderSort (0ms)
			DisableScriptedObjects (4ms)
			BackupInstance (0ms)
			ReleaseScriptingObjects (0ms)
			CreateAndSetChildDomain (130ms)
		EndReloadAssembly (508ms)
			LoadAssemblies (54ms)
			RebuildTransferFunctionScriptingTraits (0ms)
			SetupTypeCache (140ms)
			ReleaseScriptCaches (0ms)
			RebuildScriptCaches (37ms)
			SetupLoadedEditorAssemblies (250ms)
				LogAssemblyErrors (0ms)
				InitializePlatformSupportModulesInManaged (13ms)
				SetLoadedEditorAssemblies (0ms)
				RefreshPlugins (0ms)
				BeforeProcessingInitializeOnLoad (42ms)
				ProcessInitializeOnLoadAttributes (167ms)
				ProcessInitializeOnLoadMethodAttributes (22ms)
				AfterProcessingInitializeOnLoad (4ms)
				EditorAssembliesLoaded (0ms)
			ExecutionOrderSort2 (0ms)
			AwakeInstancesAfterBackupRestoration (4ms)
Platform modules already initialized, skipping
========================================================================
Worker process is ready to serve import requests
Shader 'Sand/Sky': fallback shader 'Transparent' not found
Launched and connected shader compiler UnityShaderCompiler.exe after 0.04 seconds
Refreshing native plugins compatible for Editor in 0.49 ms, found 2 plugins.
Preloading 0 native plugins for Editor in 0.00 ms.
Unloading 1970 Unused Serialized files (Serialized files now loaded: 0)
Unloading 35 unused Assets / (1.6 MB). Loaded Objects now: 2437.
Memory consumption went from 110.8 MB to 109.2 MB.
Total: 3.946200 ms (FindLiveObjects: 0.166800 ms CreateObjectMapping: 0.044400 ms MarkObjects: 3.406700 ms  DeleteObjects: 0.327300 ms)

AssetImportParameters requested are different than current active one (requested -> active):
  custom:video-decoder-ogg-theora: a1e56fd34408186e4bbccfd4996cb3dc -> 
  custom:container-muxer-webm: aa71ff27fc2769a1b78a27578f13a17b -> 
  custom:container-demuxer-webm: 4f35f7cbe854078d1ac9338744f61a02 -> 
  custom:video-encoder-webm-vp8: eb34c28f22e8b96e1ab97ce403110664 -> 
  custom:video-codec-MediaFoundation-h265: 746d11721c4dcdbdad8f713fa42b33f4 -> 
  custom:audio-encoder-webm-vorbis: bf7c407c2cedff20999df2af8eb42d56 -> 
  custom:framework-win-MediaFoundation: 216162199b28c13a410421893ffa2e32 -> 
  custom:container-demuxer-ogg: 62fdf1f143b41e24485cea50d1cbac27 -> 
  custom:video-decoder-webm-vp8: 9c59270c3fd7afecdb556c50c9e8de78 -> 
  custom:audio-decoder-ogg-vorbis: bf7c407c2cedff20999df2af8eb42d56 -> 
========================================================================
Received Import Request.
  Time since last request: 248235.022827 seconds.
  path: Assets/PostProcessing/Gray_scale_test.shader
  artifactKey: Guid(5ae9a80166adbe642b54198d3e19c6a7) Importer(815301076,1909f56bfc062723c751e8b465ee728b)
Start importing Assets/PostProcessing/Gray_scale_test.shader using Guid(5ae9a80166adbe642b54198d3e19c6a7) Importer(815301076,1909f56bfc062723c751e8b465ee728b)  -> (artifact id: 'c67709ac18619d748374d7a616e551a8') in 0.026446 seconds 
========================================================================
Received Import Request.
  Time since last request: 41.434305 seconds.
  path: Assets/PostProcessing/Gray_scale_test.shader
  artifactKey: Guid(5ae9a80166adbe642b54198d3e19c6a7) Importer(815301076,1909f56bfc062723c751e8b465ee728b)
Start importing Assets/PostProcessing/Gray_scale_test.shader using Guid(5ae9a80166adbe642b54198d3e19c6a7) Importer(815301076,1909f56bfc062723c751e8b465ee728b)  -> (artifact id: 'e0ef9d9645ca347528b4254671c43406') in 0.001561 seconds 
========================================================================
Received Prepare
Registering precompiled user dll's ...
Registered in 0.001190 seconds.
Begin MonoManager ReloadAssembly
Native extension for LinuxStandalone target not found
Native extension for WindowsStandalone target not found
Native extension for Android target not found
Native extension for WebGL target not found
Refreshing native plugins compatible for Editor in 0.45 ms, found 2 plugins.
Preloading 0 native plugins for Editor in 0.00 ms.
Mono: successfully reloaded assembly
- Completed reload, in  0.725 seconds
Domain Reload Profiling:
	ReloadAssembly (726ms)
		BeginReloadAssembly (103ms)
			ExecutionOrderSort (0ms)
			DisableScriptedObjects (5ms)
			BackupInstance (0ms)
			ReleaseScriptingObjects (0ms)
			CreateAndSetChildDomain (29ms)
		EndReloadAssembly (545ms)
			LoadAssemblies (57ms)
			RebuildTransferFunctionScriptingTraits (0ms)
			SetupTypeCache (145ms)
			ReleaseScriptCaches (1ms)
			RebuildScriptCaches (38ms)
			SetupLoadedEditorAssemblies (272ms)
				LogAssemblyErrors (0ms)
				InitializePlatformSupportModulesInManaged (20ms)
				SetLoadedEditorAssemblies (0ms)
				RefreshPlugins (0ms)
				BeforeProcessingInitializeOnLoad (49ms)
				ProcessInitializeOnLoadAttributes (174ms)
				ProcessInitializeOnLoadMethodAttributes (25ms)
				AfterProcessingInitializeOnLoad (4ms)
				EditorAssembliesLoaded (0ms)
			ExecutionOrderSort2 (0ms)
			AwakeInstancesAfterBackupRestoration (6ms)
Platform modules already initialized, skipping
Shader 'Sand/Sky': fallback shader 'Transparent' not found
Refreshing native plugins compatible for Editor in 1.02 ms, found 2 plugins.
Preloading 0 native plugins for Editor in 0.00 ms.
Unloading 1912 Unused Serialized files (Serialized files now loaded: 0)
Unloading 28 unused Assets / (1.5 MB). Loaded Objects now: 2441.
Memory consumption went from 105.4 MB to 103.8 MB.
Total: 2.630600 ms (FindLiveObjects: 0.196400 ms CreateObjectMapping: 0.044600 ms MarkObjects: 2.111600 ms  DeleteObjects: 0.277000 ms)

AssetImportParameters requested are different than current active one (requested -> active):
  custom:video-decoder-ogg-theora: a1e56fd34408186e4bbccfd4996cb3dc -> 
  custom:container-muxer-webm: aa71ff27fc2769a1b78a27578f13a17b -> 
  custom:container-demuxer-webm: 4f35f7cbe854078d1ac9338744f61a02 -> 
  custom:video-encoder-webm-vp8: eb34c28f22e8b96e1ab97ce403110664 -> 
  custom:video-codec-MediaFoundation-h265: 746d11721c4dcdbdad8f713fa42b33f4 -> 
  custom:audio-encoder-webm-vorbis: bf7c407c2cedff20999df2af8eb42d56 -> 
  custom:framework-win-MediaFoundation: 216162199b28c13a410421893ffa2e32 -> 
  custom:container-demuxer-ogg: 62fdf1f143b41e24485cea50d1cbac27 -> 
  custom:video-decoder-webm-vp8: 9c59270c3fd7afecdb556c50c9e8de78 -> 
  custom:audio-decoder-ogg-vorbis: bf7c407c2cedff20999df2af8eb42d56 -> 
========================================================================
Received Prepare
Registering precompiled user dll's ...
Registered in 0.001411 seconds.
Begin MonoManager ReloadAssembly
Native extension for LinuxStandalone target not found
Native extension for WindowsStandalone target not found
Native extension for Android target not found
Native extension for WebGL target not found
Refreshing native plugins compatible for Editor in 0.67 ms, found 2 plugins.
Preloading 0 native plugins for Editor in 0.00 ms.
Mono: successfully reloaded assembly
- Completed reload, in  0.705 seconds
Domain Reload Profiling:
	ReloadAssembly (706ms)
		BeginReloadAssembly (102ms)
			ExecutionOrderSort (0ms)
			DisableScriptedObjects (5ms)
			BackupInstance (0ms)
			ReleaseScriptingObjects (0ms)
			CreateAndSetChildDomain (32ms)
		EndReloadAssembly (531ms)
			LoadAssemblies (57ms)
			RebuildTransferFunctionScriptingTraits (0ms)
			SetupTypeCache (140ms)
			ReleaseScriptCaches (1ms)
			RebuildScriptCaches (39ms)
			SetupLoadedEditorAssemblies (264ms)
				LogAssemblyErrors (0ms)
				InitializePlatformSupportModulesInManaged (20ms)
				SetLoadedEditorAssemblies (0ms)
				RefreshPlugins (1ms)
				BeforeProcessingInitializeOnLoad (45ms)
				ProcessInitializeOnLoadAttributes (170ms)
				ProcessInitializeOnLoadMethodAttributes (23ms)
				AfterProcessingInitializeOnLoad (5ms)
				EditorAssembliesLoaded (0ms)
			ExecutionOrderSort2 (0ms)
			AwakeInstancesAfterBackupRestoration (6ms)
Platform modules already initialized, skipping
Shader 'Sand/Sky': fallback shader 'Transparent' not found
Refreshing native plugins compatible for Editor in 1.21 ms, found 2 plugins.
Preloading 0 native plugins for Editor in 0.00 ms.
Unloading 1912 Unused Serialized files (Serialized files now loaded: 0)
Unloading 28 unused Assets / (1.5 MB). Loaded Objects now: 2444.
Memory consumption went from 105.4 MB to 103.8 MB.
Total: 2.611600 ms (FindLiveObjects: 0.152200 ms CreateObjectMapping: 0.038300 ms MarkObjects: 2.179600 ms  DeleteObjects: 0.240100 ms)

AssetImportParameters requested are different than current active one (requested -> active):
  custom:video-decoder-ogg-theora: a1e56fd34408186e4bbccfd4996cb3dc -> 
  custom:container-muxer-webm: aa71ff27fc2769a1b78a27578f13a17b -> 
  custom:container-demuxer-webm: 4f35f7cbe854078d1ac9338744f61a02 -> 
  custom:video-encoder-webm-vp8: eb34c28f22e8b96e1ab97ce403110664 -> 
  custom:video-codec-MediaFoundation-h265: 746d11721c4dcdbdad8f713fa42b33f4 -> 
  custom:audio-encoder-webm-vorbis: bf7c407c2cedff20999df2af8eb42d56 -> 
  custom:framework-win-MediaFoundation: 216162199b28c13a410421893ffa2e32 -> 
  custom:container-demuxer-ogg: 62fdf1f143b41e24485cea50d1cbac27 -> 
  custom:video-decoder-webm-vp8: 9c59270c3fd7afecdb556c50c9e8de78 -> 
  custom:audio-decoder-ogg-vorbis: bf7c407c2cedff20999df2af8eb42d56 -> 
========================================================================
Received Import Request.
  Time since last request: 135.592072 seconds.
  path: Assets/PostProcessing/Gray_scale_test.shader
  artifactKey: Guid(5ae9a80166adbe642b54198d3e19c6a7) Importer(815301076,1909f56bfc062723c751e8b465ee728b)
Start importing Assets/PostProcessing/Gray_scale_test.shader using Guid(5ae9a80166adbe642b54198d3e19c6a7) Importer(815301076,1909f56bfc062723c751e8b465ee728b)  -> (artifact id: 'dc0ab98e8a12c6b775181f9e49ac80e5') in 0.023028 seconds 
========================================================================
Received Import Request.
  Time since last request: 13.690661 seconds.
  path: Assets/PostProcessing/Gray_scale_test.shader
  artifactKey: Guid(5ae9a80166adbe642b54198d3e19c6a7) Importer(815301076,1909f56bfc062723c751e8b465ee728b)
Start importing Assets/PostProcessing/Gray_scale_test.shader using Guid(5ae9a80166adbe642b54198d3e19c6a7) Importer(815301076,1909f56bfc062723c751e8b465ee728b)  -> (artifact id: 'de9859679e90741c8683cc219a62351d') in 0.001365 seconds 
========================================================================
Received Import Request.
  Time since last request: 21.232537 seconds.
  path: Assets/PostProcessing/Gray_scale_test.shader
  artifactKey: Guid(5ae9a80166adbe642b54198d3e19c6a7) Importer(815301076,1909f56bfc062723c751e8b465ee728b)
Start importing Assets/PostProcessing/Gray_scale_test.shader using Guid(5ae9a80166adbe642b54198d3e19c6a7) Importer(815301076,1909f56bfc062723c751e8b465ee728b)  -> (artifact id: '8983a32a2f50d4a4a0372d2dfeec7174') in 0.001871 seconds 
========================================================================
Received Import Request.
  Time since last request: 22.130398 seconds.
  path: Assets/PostProcessing/Gray_scale_test.shader
  artifactKey: Guid(5ae9a80166adbe642b54198d3e19c6a7) Importer(815301076,1909f56bfc062723c751e8b465ee728b)
Start importing Assets/PostProcessing/Gray_scale_test.shader using Guid(5ae9a80166adbe642b54198d3e19c6a7) Importer(815301076,1909f56bfc062723c751e8b465ee728b)  -> (artifact id: '6e94ebe31929d7a1d7dcff09bb1d0adb') in 0.001686 seconds 
========================================================================
Received Prepare
Registering precompiled user dll's ...
Registered in 0.001198 seconds.
Begin MonoManager ReloadAssembly
Native extension for LinuxStandalone target not found
Native extension for WindowsStandalone target not found
Native extension for Android target not found
Native extension for WebGL target not found
Refreshing native plugins compatible for Editor in 0.46 ms, found 2 plugins.
Preloading 0 native plugins for Editor in 0.00 ms.
Mono: successfully reloaded assembly
- Completed reload, in  0.714 seconds
Domain Reload Profiling:
	ReloadAssembly (715ms)
		BeginReloadAssembly (101ms)
			ExecutionOrderSort (0ms)
			DisableScriptedObjects (5ms)
			BackupInstance (0ms)
			ReleaseScriptingObjects (0ms)
			CreateAndSetChildDomain (31ms)
		EndReloadAssembly (545ms)
			LoadAssemblies (56ms)
			RebuildTransferFunctionScriptingTraits (0ms)
			SetupTypeCache (148ms)
			ReleaseScriptCaches (1ms)
			RebuildScriptCaches (38ms)
			SetupLoadedEditorAssemblies (270ms)
				LogAssemblyErrors (0ms)
				InitializePlatformSupportModulesInManaged (20ms)
				SetLoadedEditorAssemblies (0ms)
				RefreshPlugins (1ms)
				BeforeProcessingInitializeOnLoad (45ms)
				ProcessInitializeOnLoadAttributes (166ms)
				ProcessInitializeOnLoadMethodAttributes (31ms)
				AfterProcessingInitializeOnLoad (6ms)
				EditorAssembliesLoaded (0ms)
			ExecutionOrderSort2 (0ms)
			AwakeInstancesAfterBackupRestoration (6ms)
Platform modules already initialized, skipping
Shader 'Sand/Sky': fallback shader 'Transparent' not found
Refreshing native plugins compatible for Editor in 0.95 ms, found 2 plugins.
Preloading 0 native plugins for Editor in 0.00 ms.
Unloading 1912 Unused Serialized files (Serialized files now loaded: 0)
Unloading 28 unused Assets / (1.5 MB). Loaded Objects now: 2447.
Memory consumption went from 105.4 MB to 103.9 MB.
Total: 2.677200 ms (FindLiveObjects: 0.147200 ms CreateObjectMapping: 0.037500 ms MarkObjects: 2.159900 ms  DeleteObjects: 0.331600 ms)

AssetImportParameters requested are different than current active one (requested -> active):
  custom:video-decoder-ogg-theora: a1e56fd34408186e4bbccfd4996cb3dc -> 
  custom:container-muxer-webm: aa71ff27fc2769a1b78a27578f13a17b -> 
  custom:container-demuxer-webm: 4f35f7cbe854078d1ac9338744f61a02 -> 
  custom:video-encoder-webm-vp8: eb34c28f22e8b96e1ab97ce403110664 -> 
  custom:video-codec-MediaFoundation-h265: 746d11721c4dcdbdad8f713fa42b33f4 -> 
  custom:audio-encoder-webm-vorbis: bf7c407c2cedff20999df2af8eb42d56 -> 
  custom:framework-win-MediaFoundation: 216162199b28c13a410421893ffa2e32 -> 
  custom:container-demuxer-ogg: 62fdf1f143b41e24485cea50d1cbac27 -> 
  custom:video-decoder-webm-vp8: 9c59270c3fd7afecdb556c50c9e8de78 -> 
  custom:audio-decoder-ogg-vorbis: bf7c407c2cedff20999df2af8eb42d56 -> 
========================================================================
Received Prepare
Registering precompiled user dll's ...
Registered in 0.001161 seconds.
Begin MonoManager ReloadAssembly
Native extension for LinuxStandalone target not found
Native extension for WindowsStandalone target not found
Native extension for Android target not found
Native extension for WebGL target not found
Refreshing native plugins compatible for Editor in 0.52 ms, found 2 plugins.
Preloading 0 native plugins for Editor in 0.00 ms.
Mono: successfully reloaded assembly
- Completed reload, in  0.703 seconds
Domain Reload Profiling:
	ReloadAssembly (704ms)
		BeginReloadAssembly (107ms)
			ExecutionOrderSort (0ms)
			DisableScriptedObjects (4ms)
			BackupInstance (0ms)
			ReleaseScriptingObjects (0ms)
			CreateAndSetChildDomain (31ms)
		EndReloadAssembly (525ms)
			LoadAssemblies (56ms)
			RebuildTransferFunctionScriptingTraits (0ms)
			SetupTypeCache (146ms)
			ReleaseScriptCaches (1ms)
			RebuildScriptCaches (36ms)
			SetupLoadedEditorAssemblies (255ms)
				LogAssemblyErrors (0ms)
				InitializePlatformSupportModulesInManaged (20ms)
				SetLoadedEditorAssemblies (0ms)
				RefreshPlugins (1ms)
				BeforeProcessingInitializeOnLoad (45ms)
				ProcessInitializeOnLoadAttributes (163ms)
				ProcessInitializeOnLoadMethodAttributes (21ms)
				AfterProcessingInitializeOnLoad (4ms)
				EditorAssembliesLoaded (0ms)
			ExecutionOrderSort2 (0ms)
			AwakeInstancesAfterBackupRestoration (6ms)
Platform modules already initialized, skipping
Shader 'Sand/Sky': fallback shader 'Transparent' not found
Refreshing native plugins compatible for Editor in 1.21 ms, found 2 plugins.
Preloading 0 native plugins for Editor in 0.00 ms.
Unloading 1912 Unused Serialized files (Serialized files now loaded: 0)
Unloading 28 unused Assets / (1.5 MB). Loaded Objects now: 2450.
Memory consumption went from 105.4 MB to 103.9 MB.
Total: 3.037700 ms (FindLiveObjects: 0.177400 ms CreateObjectMapping: 0.049600 ms MarkObjects: 2.517300 ms  DeleteObjects: 0.292000 ms)

AssetImportParameters requested are different than current active one (requested -> active):
  custom:video-decoder-ogg-theora: a1e56fd34408186e4bbccfd4996cb3dc -> 
  custom:container-muxer-webm: aa71ff27fc2769a1b78a27578f13a17b -> 
  custom:container-demuxer-webm: 4f35f7cbe854078d1ac9338744f61a02 -> 
  custom:video-encoder-webm-vp8: eb34c28f22e8b96e1ab97ce403110664 -> 
  custom:video-codec-MediaFoundation-h265: 746d11721c4dcdbdad8f713fa42b33f4 -> 
  custom:audio-encoder-webm-vorbis: bf7c407c2cedff20999df2af8eb42d56 -> 
  custom:framework-win-MediaFoundation: 216162199b28c13a410421893ffa2e32 -> 
  custom:container-demuxer-ogg: 62fdf1f143b41e24485cea50d1cbac27 -> 
  custom:video-decoder-webm-vp8: 9c59270c3fd7afecdb556c50c9e8de78 -> 
  custom:audio-decoder-ogg-vorbis: bf7c407c2cedff20999df2af8eb42d56 -> 
========================================================================
Received Prepare
Registering precompiled user dll's ...
Registered in 0.001194 seconds.
Begin MonoManager ReloadAssembly
Native extension for LinuxStandalone target not found
Native extension for WindowsStandalone target not found
Native extension for Android target not found
Native extension for WebGL target not found
Refreshing native plugins compatible for Editor in 0.47 ms, found 2 plugins.
Preloading 0 native plugins for Editor in 0.00 ms.
Mono: successfully reloaded assembly
- Completed reload, in  0.742 seconds
Domain Reload Profiling:
	ReloadAssembly (742ms)
		BeginReloadAssembly (104ms)
			ExecutionOrderSort (0ms)
			DisableScriptedObjects (4ms)
			BackupInstance (0ms)
			ReleaseScriptingObjects (0ms)
			CreateAndSetChildDomain (31ms)
		EndReloadAssembly (565ms)
			LoadAssemblies (55ms)
			RebuildTransferFunctionScriptingTraits (0ms)
			SetupTypeCache (144ms)
			ReleaseScriptCaches (2ms)
			RebuildScriptCaches (43ms)
			SetupLoadedEditorAssemblies (281ms)
				LogAssemblyErrors (0ms)
				InitializePlatformSupportModulesInManaged (22ms)
				SetLoadedEditorAssemblies (0ms)
				RefreshPlugins (1ms)
				BeforeProcessingInitializeOnLoad (48ms)
				ProcessInitializeOnLoadAttributes (183ms)
				ProcessInitializeOnLoadMethodAttributes (22ms)
				AfterProcessingInitializeOnLoad (4ms)
				EditorAssembliesLoaded (0ms)
			ExecutionOrderSort2 (0ms)
			AwakeInstancesAfterBackupRestoration (5ms)
Platform modules already initialized, skipping
Shader 'Sand/Sky': fallback shader 'Transparent' not found
Refreshing native plugins compatible for Editor in 1.03 ms, found 2 plugins.
Preloading 0 native plugins for Editor in 0.00 ms.
Unloading 1912 Unused Serialized files (Serialized files now loaded: 0)
Unloading 28 unused Assets / (1.5 MB). Loaded Objects now: 2453.
Memory consumption went from 105.4 MB to 103.9 MB.
Total: 3.101700 ms (FindLiveObjects: 0.270100 ms CreateObjectMapping: 0.105000 ms MarkObjects: 2.497800 ms  DeleteObjects: 0.227200 ms)

AssetImportParameters requested are different than current active one (requested -> active):
  custom:video-decoder-ogg-theora: a1e56fd34408186e4bbccfd4996cb3dc -> 
  custom:container-muxer-webm: aa71ff27fc2769a1b78a27578f13a17b -> 
  custom:container-demuxer-webm: 4f35f7cbe854078d1ac9338744f61a02 -> 
  custom:video-encoder-webm-vp8: eb34c28f22e8b96e1ab97ce403110664 -> 
  custom:video-codec-MediaFoundation-h265: 746d11721c4dcdbdad8f713fa42b33f4 -> 
  custom:audio-encoder-webm-vorbis: bf7c407c2cedff20999df2af8eb42d56 -> 
  custom:framework-win-MediaFoundation: 216162199b28c13a410421893ffa2e32 -> 
  custom:container-demuxer-ogg: 62fdf1f143b41e24485cea50d1cbac27 -> 
  custom:video-decoder-webm-vp8: 9c59270c3fd7afecdb556c50c9e8de78 -> 
  custom:audio-decoder-ogg-vorbis: bf7c407c2cedff20999df2af8eb42d56 -> 
========================================================================
Received Import Request.
  Time since last request: 435.486995 seconds.
  path: Assets
  artifactKey: Guid(00000000000000001000000000000000) Importer(815301076,1909f56bfc062723c751e8b465ee728b)
Start importing Assets using Guid(00000000000000001000000000000000) Importer(815301076,1909f56bfc062723c751e8b465ee728b)  -> (artifact id: '79842766b460edbeab6a34051e857a80') in 0.008532 seconds 
========================================================================
Received Import Request.
  Time since last request: 115.763395 seconds.
  path: Assets/SandRendering/Material/Sand.mat
  artifactKey: Guid(62969d4889afe94468e2d18a8b0224eb) Importer(815301076,1909f56bfc062723c751e8b465ee728b)
Start importing Assets/SandRendering/Material/Sand.mat using Guid(62969d4889afe94468e2d18a8b0224eb) Importer(815301076,1909f56bfc062723c751e8b465ee728b)  -> (artifact id: 'ee1ea6495bba5a7f8ff93835c590cfe4') in 0.152993 seconds 
========================================================================
Received Import Request.
  Time since last request: 48.726995 seconds.
  path: Assets/Rocks
  artifactKey: Guid(63baaf47e2995a343a2788d4c25b5259) Importer(815301076,1909f56bfc062723c751e8b465ee728b)
Start importing Assets/Rocks using Guid(63baaf47e2995a343a2788d4c25b5259) Importer(815301076,1909f56bfc062723c751e8b465ee728b)  -> (artifact id: '8e535bbe835b89f01f098702697cc987') in 0.004777 seconds 
========================================================================
Received Import Request.
  Time since last request: 1.860135 seconds.
  path: Assets/Rocks/Additional Files
  artifactKey: Guid(270622724e1c95c43ae37ba48ae50320) Importer(815301076,1909f56bfc062723c751e8b465ee728b)
Start importing Assets/Rocks/Additional Files using Guid(270622724e1c95c43ae37ba48ae50320) Importer(815301076,1909f56bfc062723c751e8b465ee728b)  -> (artifact id: 'b581920bd45bb344a60584744094b6ac') in 0.004634 seconds 
========================================================================
Received Import Request.
  Time since last request: 2.471929 seconds.
  path: Assets/Rocks/Rock Assets
  artifactKey: Guid(9eb2067a7832b124ea9ad4b5247f044b) Importer(815301076,1909f56bfc062723c751e8b465ee728b)
Start importing Assets/Rocks/Rock Assets using Guid(9eb2067a7832b124ea9ad4b5247f044b) Importer(815301076,1909f56bfc062723c751e8b465ee728b)  -> (artifact id: 'a614d74dc57e8ea23aa416c68b4803a8') in 0.004362 seconds 
========================================================================
Received Import Request.
  Time since last request: 1.123021 seconds.
  path: Assets/Rocks/Rock Assets/Meshes
  artifactKey: Guid(65558a180a1ec11419c629a0742370b1) Importer(815301076,1909f56bfc062723c751e8b465ee728b)
Start importing Assets/Rocks/Rock Assets/Meshes using Guid(65558a180a1ec11419c629a0742370b1) Importer(815301076,1909f56bfc062723c751e8b465ee728b)  -> (artifact id: 'ac406a974dfcfe811fb3aee394b94d11') in 0.004972 seconds 
========================================================================
Received Import Request.
  Time since last request: 1.251696 seconds.
  path: Assets/Rocks/Rock Assets/Meshes/2 Color
  artifactKey: Guid(01b4928939cf36d44aa294d512ecdc4d) Importer(815301076,1909f56bfc062723c751e8b465ee728b)
Start importing Assets/Rocks/Rock Assets/Meshes/2 Color using Guid(01b4928939cf36d44aa294d512ecdc4d) Importer(815301076,1909f56bfc062723c751e8b465ee728b)  -> (artifact id: '328395f865176edd42479ef886ef82c2') in 0.004681 seconds 
========================================================================
Received Import Request.
  Time since last request: 2.321866 seconds.
  path: Assets/Rocks/Rock Assets/Meshes/2 Color/Flat_Rocks
  artifactKey: Guid(41fd0b8697c3af54180c2662514f34c5) Importer(815301076,1909f56bfc062723c751e8b465ee728b)
Start importing Assets/Rocks/Rock Assets/Meshes/2 Color/Flat_Rocks using Guid(41fd0b8697c3af54180c2662514f34c5) Importer(815301076,1909f56bfc062723c751e8b465ee728b)  -> (artifact id: '6f0d2b80c8285c200a72c6011e90b124') in 0.004600 seconds 
========================================================================
Received Import Request.
  Time since last request: 0.056159 seconds.
  path: Assets/Rocks/Rock Assets/Meshes/2 Color/Flat_Rocks/Rock_Flat_crk_m_2C_01.fbx
  artifactKey: Guid(eb932e319e96c6248940151b5c0092f3) Importer(815301076,1909f56bfc062723c751e8b465ee728b)
Start importing Assets/Rocks/Rock Assets/Meshes/2 Color/Flat_Rocks/Rock_Flat_crk_m_2C_01.fbx using Guid(eb932e319e96c6248940151b5c0092f3) Importer(815301076,1909f56bfc062723c751e8b465ee728b)  -> (artifact id: '2f22002885a2592590da1d9bdafd939a') in 0.071124 seconds 
========================================================================
Received Import Request.
  Time since last request: 0.000023 seconds.
  path: Assets/Rocks/Rock Assets/Meshes/2 Color/Flat_Rocks/Rock_Flat_m_2C_06.fbx
  artifactKey: Guid(60c28be94d56b5b44b9a060db8954e9a) Importer(815301076,1909f56bfc062723c751e8b465ee728b)
Start importing Assets/Rocks/Rock Assets/Meshes/2 Color/Flat_Rocks/Rock_Flat_m_2C_06.fbx using Guid(60c28be94d56b5b44b9a060db8954e9a) Importer(815301076,1909f56bfc062723c751e8b465ee728b)  -> (artifact id: 'ed55a286e9f86c3bd32be9e21d4a2415') in 0.016734 seconds 
========================================================================
Received Import Request.
  Time since last request: 0.000040 seconds.
  path: Assets/Rocks/Rock Assets/Meshes/2 Color/Flat_Rocks/Rock_Flat_s_2C_06.fbx
  artifactKey: Guid(a36d7a972d5d8a448a8d1192a834414e) Importer(815301076,1909f56bfc062723c751e8b465ee728b)
Start importing Assets/Rocks/Rock Assets/Meshes/2 Color/Flat_Rocks/Rock_Flat_s_2C_06.fbx using Guid(a36d7a972d5d8a448a8d1192a834414e) Importer(815301076,1909f56bfc062723c751e8b465ee728b)  -> (artifact id: 'f636f9652317a6600949681e2da12e0d') in 0.021670 seconds 
========================================================================
Received Import Request.
  Time since last request: 0.000024 seconds.
  path: Assets/Rocks/Rock Assets/Meshes/2 Color/Flat_Rocks/Rock_Flat_m_2C_09.fbx
  artifactKey: Guid(aa032cebcb9304f40b5116489efee8eb) Importer(815301076,1909f56bfc062723c751e8b465ee728b)
Start importing Assets/Rocks/Rock Assets/Meshes/2 Color/Flat_Rocks/Rock_Flat_m_2C_09.fbx using Guid(aa032cebcb9304f40b5116489efee8eb) Importer(815301076,1909f56bfc062723c751e8b465ee728b)  -> (artifact id: 'd1b0d00ada8dd6b13c5f7cf252a05b5f') in 0.031939 seconds 
========================================================================
Received Import Request.
  Time since last request: 0.000035 seconds.
  path: Assets/Rocks/Rock Assets/Meshes/2 Color/Flat_Rocks/Rock_Flat_s_2C_05.fbx
  artifactKey: Guid(e7cb0aa9a0745c345a37e2ac22c42c57) Importer(815301076,1909f56bfc062723c751e8b465ee728b)
Start importing Assets/Rocks/Rock Assets/Meshes/2 Color/Flat_Rocks/Rock_Flat_s_2C_05.fbx using Guid(e7cb0aa9a0745c345a37e2ac22c42c57) Importer(815301076,1909f56bfc062723c751e8b465ee728b)  -> (artifact id: 'ce5afcdf4a17cf65af17166fa69ea291') in 0.025467 seconds 
========================================================================
Received Import Request.
  Time since last request: 0.000041 seconds.
  path: Assets/Rocks/Rock Assets/Meshes/2 Color/Flat_Rocks/Rock_Flat_m_2C_02.fbx
  artifactKey: Guid(31e27683ffd20484c9d0bc422dabe7c0) Importer(815301076,1909f56bfc062723c751e8b465ee728b)
Start importing Assets/Rocks/Rock Assets/Meshes/2 Color/Flat_Rocks/Rock_Flat_m_2C_02.fbx using Guid(31e27683ffd20484c9d0bc422dabe7c0) Importer(815301076,1909f56bfc062723c751e8b465ee728b)  -> (artifact id: '8922147ea63b8210721660598b39a8b8') in 0.024538 seconds 
========================================================================
Received Import Request.
  Time since last request: 0.000029 seconds.
  path: Assets/Rocks/Rock Assets/Meshes/2 Color/Flat_Rocks/Rocks_Flat_m_2C_03.fbx
  artifactKey: Guid(bc3ffe163be0b924aa70a697082ae536) Importer(815301076,1909f56bfc062723c751e8b465ee728b)
Start importing Assets/Rocks/Rock Assets/Meshes/2 Color/Flat_Rocks/Rocks_Flat_m_2C_03.fbx using Guid(bc3ffe163be0b924aa70a697082ae536) Importer(815301076,1909f56bfc062723c751e8b465ee728b)  -> (artifact id: '87c43823fd1cb8633b1ea74d6c1e3ebf') in 0.041550 seconds 
========================================================================
Received Import Request.
  Time since last request: 0.000026 seconds.
  path: Assets/Rocks/Rock Assets/Meshes/2 Color/Flat_Rocks/Rocks_Flat_s_2C_04.fbx
  artifactKey: Guid(824008ebf8111b94d92bd1de1ba4246f) Importer(815301076,1909f56bfc062723c751e8b465ee728b)
Start importing Assets/Rocks/Rock Assets/Meshes/2 Color/Flat_Rocks/Rocks_Flat_s_2C_04.fbx using Guid(824008ebf8111b94d92bd1de1ba4246f) Importer(815301076,1909f56bfc062723c751e8b465ee728b)  -> (artifact id: 'ba086b5cb345c2afe3beaaab9471c413') in 0.031203 seconds 
========================================================================
Received Import Request.
  Time since last request: 0.000040 seconds.
  path: Assets/Rocks/Rock Assets/Meshes/2 Color/Flat_Rocks/Rock_Flat_m_2C_10.fbx
  artifactKey: Guid(32f366a107c8b29428dad52553a905ea) Importer(815301076,1909f56bfc062723c751e8b465ee728b)
Start importing Assets/Rocks/Rock Assets/Meshes/2 Color/Flat_Rocks/Rock_Flat_m_2C_10.fbx using Guid(32f366a107c8b29428dad52553a905ea) Importer(815301076,1909f56bfc062723c751e8b465ee728b)  -> (artifact id: '6d11ea868cb335c4e787395b74241442') in 0.041843 seconds 
========================================================================
Received Import Request.
  Time since last request: 0.000030 seconds.
  path: Assets/Rocks/Rock Assets/Meshes/2 Color/Flat_Rocks/Rocks_Flat_s_2C_02.fbx
  artifactKey: Guid(027023e0c38f13c438272dd460c4a84d) Importer(815301076,1909f56bfc062723c751e8b465ee728b)
Start importing Assets/Rocks/Rock Assets/Meshes/2 Color/Flat_Rocks/Rocks_Flat_s_2C_02.fbx using Guid(027023e0c38f13c438272dd460c4a84d) Importer(815301076,1909f56bfc062723c751e8b465ee728b)  -> (artifact id: 'b4fe357a5c0298ccb79553d46e2bb668') in 0.016617 seconds 
========================================================================
Received Import Request.
  Time since last request: 0.000035 seconds.
  path: Assets/Rocks/Rock Assets/Meshes/2 Color/Flat_Rocks/Rock_Flat_l_2C_04.fbx
  artifactKey: Guid(b6db8ac1509326d468601166c09cb784) Importer(815301076,1909f56bfc062723c751e8b465ee728b)
Start importing Assets/Rocks/Rock Assets/Meshes/2 Color/Flat_Rocks/Rock_Flat_l_2C_04.fbx using Guid(b6db8ac1509326d468601166c09cb784) Importer(815301076,1909f56bfc062723c751e8b465ee728b)  -> (artifact id: '2c0ac59fdfffe62d922a20ffdda6a7cb') in 0.019942 seconds 
========================================================================
Received Import Request.
  Time since last request: 0.000029 seconds.
  path: Assets/Rocks/Rock Assets/Meshes/2 Color/Flat_Rocks/Rock_Flat_s_2C_07.fbx
  artifactKey: Guid(5dfa5d91fa6f7e94dad8b5db9fb695f5) Importer(815301076,1909f56bfc062723c751e8b465ee728b)
Start importing Assets/Rocks/Rock Assets/Meshes/2 Color/Flat_Rocks/Rock_Flat_s_2C_07.fbx using Guid(5dfa5d91fa6f7e94dad8b5db9fb695f5) Importer(815301076,1909f56bfc062723c751e8b465ee728b)  -> (artifact id: '5adef10a35346d6fffa9d3e22a9eef33') in 0.021629 seconds 
========================================================================
Received Import Request.
  Time since last request: 0.000028 seconds.
  path: Assets/Rocks/Rock Assets/Meshes/2 Color/Flat_Rocks/Rock_Flat_crk_s_2C_04.fbx
  artifactKey: Guid(20474c167f28e5f4894e603a08839a42) Importer(815301076,1909f56bfc062723c751e8b465ee728b)
Start importing Assets/Rocks/Rock Assets/Meshes/2 Color/Flat_Rocks/Rock_Flat_crk_s_2C_04.fbx using Guid(20474c167f28e5f4894e603a08839a42) Importer(815301076,1909f56bfc062723c751e8b465ee728b)  -> (artifact id: '3c183933e4c1a29f7c7a4f059ca3ade5') in 0.021294 seconds 
========================================================================
Received Import Request.
  Time since last request: 0.000041 seconds.
  path: Assets/Rocks/Rock Assets/Meshes/2 Color/Flat_Rocks/Rock_Flat_l_2C_02.fbx
  artifactKey: Guid(9240a252133ffcf469fc0e51a55ebfb8) Importer(815301076,1909f56bfc062723c751e8b465ee728b)
Start importing Assets/Rocks/Rock Assets/Meshes/2 Color/Flat_Rocks/Rock_Flat_l_2C_02.fbx using Guid(9240a252133ffcf469fc0e51a55ebfb8) Importer(815301076,1909f56bfc062723c751e8b465ee728b)  -> (artifact id: 'b0eb4f7631fa1e2f424bef3273ae564b') in 0.016246 seconds 
========================================================================
Received Import Request.
  Time since last request: 0.000023 seconds.
  path: Assets/Rocks/Rock Assets/Meshes/2 Color/Flat_Rocks/Rocks_Flat_s_2C_05.fbx
  artifactKey: Guid(1479b6f17055d3947bf2128212ae2d3b) Importer(815301076,1909f56bfc062723c751e8b465ee728b)
Start importing Assets/Rocks/Rock Assets/Meshes/2 Color/Flat_Rocks/Rocks_Flat_s_2C_05.fbx using Guid(1479b6f17055d3947bf2128212ae2d3b) Importer(815301076,1909f56bfc062723c751e8b465ee728b)  -> (artifact id: '350cb91254a4fe83b5970668cf5ed923') in 0.020346 seconds 
========================================================================
Received Import Request.
  Time since last request: 0.000044 seconds.
  path: Assets/Rocks/Rock Assets/Meshes/2 Color/Flat_Rocks/Rock_Flat_m_2C_07.fbx
  artifactKey: Guid(8a48eadbf3c73cf4a97c649e35ebde00) Importer(815301076,1909f56bfc062723c751e8b465ee728b)
Start importing Assets/Rocks/Rock Assets/Meshes/2 Color/Flat_Rocks/Rock_Flat_m_2C_07.fbx using Guid(8a48eadbf3c73cf4a97c649e35ebde00) Importer(815301076,1909f56bfc062723c751e8b465ee728b)  -> (artifact id: '6c462f2aad305f59c2d4df938cd2ee2a') in 0.015334 seconds 
========================================================================
Received Import Request.
  Time since last request: 0.000040 seconds.
  path: Assets/Rocks/Rock Assets/Meshes/2 Color/Flat_Rocks/Rock_Flat_s_2C_10.fbx
  artifactKey: Guid(c73579e6a8dd8cf4abb63e28e7021e47) Importer(815301076,1909f56bfc062723c751e8b465ee728b)
Start importing Assets/Rocks/Rock Assets/Meshes/2 Color/Flat_Rocks/Rock_Flat_s_2C_10.fbx using Guid(c73579e6a8dd8cf4abb63e28e7021e47) Importer(815301076,1909f56bfc062723c751e8b465ee728b)  -> (artifact id: '5666c1462e5a9c188532ab36ecfec34d') in 0.015728 seconds 
========================================================================
Received Import Request.
  Time since last request: 0.000026 seconds.
  path: Assets/Rocks/Rock Assets/Meshes/2 Color/Flat_Rocks/Rock_Flat_s_2C_01.fbx
  artifactKey: Guid(f3f817fc00f04a74a852ae368a7892a3) Importer(815301076,1909f56bfc062723c751e8b465ee728b)
Start importing Assets/Rocks/Rock Assets/Meshes/2 Color/Flat_Rocks/Rock_Flat_s_2C_01.fbx using Guid(f3f817fc00f04a74a852ae368a7892a3) Importer(815301076,1909f56bfc062723c751e8b465ee728b)  -> (artifact id: '6d423d8901a5970923e4d4ac2a3ba19e') in 0.016354 seconds 
========================================================================
Received Import Request.
  Time since last request: 0.000024 seconds.
  path: Assets/Rocks/Rock Assets/Meshes/2 Color/Flat_Rocks/Rock_Flat_l_2C_06.fbx
  artifactKey: Guid(c9373a4fe4f04ec419abb498ff847207) Importer(815301076,1909f56bfc062723c751e8b465ee728b)
Start importing Assets/Rocks/Rock Assets/Meshes/2 Color/Flat_Rocks/Rock_Flat_l_2C_06.fbx using Guid(c9373a4fe4f04ec419abb498ff847207) Importer(815301076,1909f56bfc062723c751e8b465ee728b)  -> (artifact id: 'd84c031d53086657ce9511887e49b369') in 0.018229 seconds 
========================================================================
Received Import Request.
  Time since last request: 0.000027 seconds.
  path: Assets/Rocks/Rock Assets/Meshes/2 Color/Flat_Rocks/Rock_Flat_m_2C_04.fbx
  artifactKey: Guid(c999dff004a5c964ca74e5e0949a661d) Importer(815301076,1909f56bfc062723c751e8b465ee728b)
Start importing Assets/Rocks/Rock Assets/Meshes/2 Color/Flat_Rocks/Rock_Flat_m_2C_04.fbx using Guid(c999dff004a5c964ca74e5e0949a661d) Importer(815301076,1909f56bfc062723c751e8b465ee728b)  -> (artifact id: '7d25bc1658bca4116d0cd712fb47312f') in 0.018593 seconds 
========================================================================
Received Import Request.
  Time since last request: 0.000023 seconds.
  path: Assets/Rocks/Rock Assets/Meshes/2 Color/Flat_Rocks/Rock_Flat_m_2C_03.fbx
  artifactKey: Guid(15dd085e281f9db4880866db5cffe1a9) Importer(815301076,1909f56bfc062723c751e8b465ee728b)
Start importing Assets/Rocks/Rock Assets/Meshes/2 Color/Flat_Rocks/Rock_Flat_m_2C_03.fbx using Guid(15dd085e281f9db4880866db5cffe1a9) Importer(815301076,1909f56bfc062723c751e8b465ee728b)  -> (artifact id: 'fa5349d6501bf1925a1d8c05cbcb530e') in 0.018356 seconds 
========================================================================
Received Import Request.
  Time since last request: 0.000032 seconds.
  path: Assets/Rocks/Rock Assets/Meshes/2 Color/Flat_Rocks/Rock_Flat_crk_s_2C_01.fbx
  artifactKey: Guid(76337edf7d7d78b4bbd84a38ee34577d) Importer(815301076,1909f56bfc062723c751e8b465ee728b)
Start importing Assets/Rocks/Rock Assets/Meshes/2 Color/Flat_Rocks/Rock_Flat_crk_s_2C_01.fbx using Guid(76337edf7d7d78b4bbd84a38ee34577d) Importer(815301076,1909f56bfc062723c751e8b465ee728b)  -> (artifact id: '224ab20bc1465e8758c0886e15be7e1b') in 0.015380 seconds 
========================================================================
Received Import Request.
  Time since last request: 0.000019 seconds.
  path: Assets/Rocks/Rock Assets/Meshes/2 Color/Flat_Rocks/Rock_Flat_m_2C_14.fbx
  artifactKey: Guid(41a928a9527fd344382f1cae6f71a638) Importer(815301076,1909f56bfc062723c751e8b465ee728b)
Start importing Assets/Rocks/Rock Assets/Meshes/2 Color/Flat_Rocks/Rock_Flat_m_2C_14.fbx using Guid(41a928a9527fd344382f1cae6f71a638) Importer(815301076,1909f56bfc062723c751e8b465ee728b)  -> (artifact id: '940f7fce7fb0fc1e5e7c535907ea594c') in 0.018341 seconds 
========================================================================
Received Import Request.
  Time since last request: 0.000036 seconds.
  path: Assets/Rocks/Rock Assets/Meshes/2 Color/Flat_Rocks/Rock_Flat_s_2C_02.fbx
  artifactKey: Guid(9570f5410428d3542bc91a4e8c22082f) Importer(815301076,1909f56bfc062723c751e8b465ee728b)
Start importing Assets/Rocks/Rock Assets/Meshes/2 Color/Flat_Rocks/Rock_Flat_s_2C_02.fbx using Guid(9570f5410428d3542bc91a4e8c22082f) Importer(815301076,1909f56bfc062723c751e8b465ee728b)  -> (artifact id: 'cbf75523ad4eb7eb48881c535f915da2') in 0.015040 seconds 
========================================================================
Received Import Request.
  Time since last request: 0.000030 seconds.
  path: Assets/Rocks/Rock Assets/Meshes/2 Color/Flat_Rocks/Rock_Flat_crk_s_2C_05.fbx
  artifactKey: Guid(09c76e098d3d9c542a8d642dc1f5e775) Importer(815301076,1909f56bfc062723c751e8b465ee728b)
Start importing Assets/Rocks/Rock Assets/Meshes/2 Color/Flat_Rocks/Rock_Flat_crk_s_2C_05.fbx using Guid(09c76e098d3d9c542a8d642dc1f5e775) Importer(815301076,1909f56bfc062723c751e8b465ee728b)  -> (artifact id: 'f46846a12d240e7c380ed43c2650ce45') in 0.018207 seconds 
Editor requested this worker to shutdown with reason: Scaling down because of idle timeout
AssetImportWorker is now disconnected from the server
Process exiting
Exiting without the bug reporter. Application will terminate with return code 0