Using pre-set license
Built from '2021.3/staging' branch; Version is '2021.3.8f1 (b30333d56e81) revision 11731763'; Using compiler version '192829333'; Build Type 'Release'
OS: 'Windows 11  (10.0.22621) 64bit Professional' Language: 'zh' Physical Memory: 16061 MB
BatchMode: 1, IsHumanControllingUs: 0, StartBugReporterOnCrash: 0, Is64bit: 1, IsPro: 1

COMMAND LINE ARGUMENTS:
C:\Program Files\Unity\Hub\Editor\2021.3.8f1\Editor\Unity.exe
-adb2
-batchMode
-noUpm
-name
AssetImportWorker12
-projectPath
D:/mihoyo_test/test_result
-logFile
Logs/AssetImportWorker12.log
-srvPort
63953
Successfully changed project path to: D:/mihoyo_test/test_result
D:/mihoyo_test/test_result
[UnityMemory] Configuration Parameters - Can be set up in boot.config
    "memorysetup-bucket-allocator-granularity=16"
    "memorysetup-bucket-allocator-bucket-count=8"
    "memorysetup-bucket-allocator-block-size=33554432"
    "memorysetup-bucket-allocator-block-count=8"
    "memorysetup-main-allocator-block-size=16777216"
    "memorysetup-thread-allocator-block-size=16777216"
    "memorysetup-gfx-main-allocator-block-size=16777216"
    "memorysetup-gfx-thread-allocator-block-size=16777216"
    "memorysetup-cache-allocator-block-size=4194304"
    "memorysetup-typetree-allocator-block-size=2097152"
    "memorysetup-profiler-bucket-allocator-granularity=16"
    "memorysetup-profiler-bucket-allocator-bucket-count=8"
    "memorysetup-profiler-bucket-allocator-block-size=33554432"
    "memorysetup-profiler-bucket-allocator-block-count=8"
    "memorysetup-profiler-allocator-block-size=16777216"
    "memorysetup-profiler-editor-allocator-block-size=1048576"
    "memorysetup-temp-allocator-size-main=16777216"
    "memorysetup-job-temp-allocator-block-size=2097152"
    "memorysetup-job-temp-allocator-block-size-background=1048576"
    "memorysetup-job-temp-allocator-reduction-small-platforms=262144"
    "memorysetup-temp-allocator-size-background-worker=32768"
    "memorysetup-temp-allocator-size-job-worker=262144"
    "memorysetup-temp-allocator-size-preload-manager=33554432"
    "memorysetup-temp-allocator-size-nav-mesh-worker=65536"
    "memorysetup-temp-allocator-size-audio-worker=65536"
    "memorysetup-temp-allocator-size-cloud-worker=32768"
    "memorysetup-temp-allocator-size-gi-baking-worker=262144"
    "memorysetup-temp-allocator-size-gfx=262144"
Refreshing native plugins compatible for Editor in 60.80 ms, found 2 plugins.
Preloading 0 native plugins for Editor in 0.00 ms.
Initialize engine version: 2021.3.8f1 (b30333d56e81)
[Subsystems] Discovering subsystems at path C:/Program Files/Unity/Hub/Editor/2021.3.8f1/Editor/Data/Resources/UnitySubsystems
[Subsystems] Discovering subsystems at path D:/mihoyo_test/test_result/Assets
GfxDevice: creating device client; threaded=0; jobified=0
Direct3D:
    Version:  Direct3D 11.0 [level 11.1]
    Renderer: NVIDIA GeForce RTX 3070 Laptop GPU (ID=0x24dd)
    Vendor:   NVIDIA
    VRAM:     8033 MB
    Driver:   31.0.15.2849
Shader 'Sand/Sky': fallback shader 'Transparent' not found
Initialize mono
Mono path[0] = 'C:/Program Files/Unity/Hub/Editor/2021.3.8f1/Editor/Data/Managed'
Mono path[1] = 'C:/Program Files/Unity/Hub/Editor/2021.3.8f1/Editor/Data/MonoBleedingEdge/lib/mono/unityjit-win32'
Mono config path = 'C:/Program Files/Unity/Hub/Editor/2021.3.8f1/Editor/Data/MonoBleedingEdge/etc'
Using monoOptions --debugger-agent=transport=dt_socket,embedding=1,server=y,suspend=n,address=127.0.0.1:56520
Begin MonoManager ReloadAssembly
Registering precompiled unity dll's ...
Register platform support module: C:/Program Files/Unity/Hub/Editor/2021.3.8f1/Editor/Data/PlaybackEngines/WebGLSupport/UnityEditor.WebGL.Extensions.dll
Register platform support module: C:/Program Files/Unity/Hub/Editor/2021.3.8f1/Editor/Data/PlaybackEngines/AndroidPlayer/UnityEditor.Android.Extensions.dll
Register platform support module: C:/Program Files/Unity/Hub/Editor/2021.3.8f1/Editor/Data/PlaybackEngines/WindowsStandaloneSupport/UnityEditor.WindowsStandalone.Extensions.dll
Register platform support module: C:/Program Files/Unity/Hub/Editor/2021.3.8f1/Editor/Data/PlaybackEngines/LinuxStandaloneSupport/UnityEditor.LinuxStandalone.Extensions.dll
Registered in 0.005038 seconds.
Native extension for LinuxStandalone target not found
Native extension for WindowsStandalone target not found
Native extension for Android target not found
Native extension for WebGL target not found
Refreshing native plugins compatible for Editor in 45.63 ms, found 2 plugins.
Preloading 0 native plugins for Editor in 0.00 ms.
Mono: successfully reloaded assembly
- Completed reload, in  0.518 seconds
Domain Reload Profiling:
	ReloadAssembly (518ms)
		BeginReloadAssembly (60ms)
			ExecutionOrderSort (0ms)
			DisableScriptedObjects (0ms)
			BackupInstance (0ms)
			ReleaseScriptingObjects (0ms)
			CreateAndSetChildDomain (1ms)
		EndReloadAssembly (365ms)
			LoadAssemblies (58ms)
			RebuildTransferFunctionScriptingTraits (0ms)
			SetupTypeCache (97ms)
			ReleaseScriptCaches (0ms)
			RebuildScriptCaches (24ms)
			SetupLoadedEditorAssemblies (205ms)
				LogAssemblyErrors (0ms)
				InitializePlatformSupportModulesInManaged (45ms)
				SetLoadedEditorAssemblies (0ms)
				RefreshPlugins (46ms)
				BeforeProcessingInitializeOnLoad (1ms)
				ProcessInitializeOnLoadAttributes (78ms)
				ProcessInitializeOnLoadMethodAttributes (35ms)
				AfterProcessingInitializeOnLoad (0ms)
				EditorAssembliesLoaded (0ms)
			ExecutionOrderSort2 (0ms)
			AwakeInstancesAfterBackupRestoration (0ms)
Platform modules already initialized, skipping
Registering precompiled user dll's ...
Registered in 0.001356 seconds.
Begin MonoManager ReloadAssembly
Native extension for LinuxStandalone target not found
Native extension for WindowsStandalone target not found
Native extension for Android target not found
Native extension for WebGL target not found
Refreshing native plugins compatible for Editor in 0.78 ms, found 2 plugins.
Preloading 0 native plugins for Editor in 0.00 ms.
Mono: successfully reloaded assembly
- Completed reload, in  0.855 seconds
Domain Reload Profiling:
	ReloadAssembly (856ms)
		BeginReloadAssembly (198ms)
			ExecutionOrderSort (0ms)
			DisableScriptedObjects (5ms)
			BackupInstance (0ms)
			ReleaseScriptingObjects (0ms)
			CreateAndSetChildDomain (132ms)
		EndReloadAssembly (565ms)
			LoadAssemblies (52ms)
			RebuildTransferFunctionScriptingTraits (0ms)
			SetupTypeCache (159ms)
			ReleaseScriptCaches (0ms)
			RebuildScriptCaches (41ms)
			SetupLoadedEditorAssemblies (271ms)
				LogAssemblyErrors (0ms)
				InitializePlatformSupportModulesInManaged (15ms)
				SetLoadedEditorAssemblies (0ms)
				RefreshPlugins (1ms)
				BeforeProcessingInitializeOnLoad (49ms)
				ProcessInitializeOnLoadAttributes (177ms)
				ProcessInitializeOnLoadMethodAttributes (24ms)
				AfterProcessingInitializeOnLoad (4ms)
				EditorAssembliesLoaded (0ms)
			ExecutionOrderSort2 (0ms)
			AwakeInstancesAfterBackupRestoration (5ms)
Platform modules already initialized, skipping
========================================================================
Worker process is ready to serve import requests
Shader 'Sand/Sky': fallback shader 'Transparent' not found
Launched and connected shader compiler UnityShaderCompiler.exe after 0.04 seconds
Refreshing native plugins compatible for Editor in 0.81 ms, found 2 plugins.
Preloading 0 native plugins for Editor in 0.00 ms.
Unloading 1970 Unused Serialized files (Serialized files now loaded: 0)
Unloading 35 unused Assets / (1.6 MB). Loaded Objects now: 2438.
Memory consumption went from 113.4 MB to 111.8 MB.
Total: 2.659400 ms (FindLiveObjects: 0.181500 ms CreateObjectMapping: 0.040700 ms MarkObjects: 2.173500 ms  DeleteObjects: 0.262700 ms)

AssetImportParameters requested are different than current active one (requested -> active):
  custom:video-decoder-ogg-theora: a1e56fd34408186e4bbccfd4996cb3dc -> 
  custom:container-muxer-webm: aa71ff27fc2769a1b78a27578f13a17b -> 
  custom:container-demuxer-webm: 4f35f7cbe854078d1ac9338744f61a02 -> 
  custom:video-encoder-webm-vp8: eb34c28f22e8b96e1ab97ce403110664 -> 
  custom:video-codec-MediaFoundation-h265: 746d11721c4dcdbdad8f713fa42b33f4 -> 
  custom:audio-encoder-webm-vorbis: bf7c407c2cedff20999df2af8eb42d56 -> 
  custom:framework-win-MediaFoundation: 216162199b28c13a410421893ffa2e32 -> 
  custom:container-demuxer-ogg: 62fdf1f143b41e24485cea50d1cbac27 -> 
  custom:video-decoder-webm-vp8: 9c59270c3fd7afecdb556c50c9e8de78 -> 
  custom:audio-decoder-ogg-vorbis: bf7c407c2cedff20999df2af8eb42d56 -> 
========================================================================
Received Prepare
Registering precompiled user dll's ...
Registered in 0.001549 seconds.
Begin MonoManager ReloadAssembly
Native extension for LinuxStandalone target not found
Native extension for WindowsStandalone target not found
Native extension for Android target not found
Native extension for WebGL target not found
Refreshing native plugins compatible for Editor in 0.79 ms, found 2 plugins.
Preloading 0 native plugins for Editor in 0.00 ms.
Mono: successfully reloaded assembly
- Completed reload, in  0.795 seconds
Domain Reload Profiling:
	ReloadAssembly (795ms)
		BeginReloadAssembly (110ms)
			ExecutionOrderSort (0ms)
			DisableScriptedObjects (6ms)
			BackupInstance (0ms)
			ReleaseScriptingObjects (0ms)
			CreateAndSetChildDomain (35ms)
		EndReloadAssembly (603ms)
			LoadAssemblies (59ms)
			RebuildTransferFunctionScriptingTraits (0ms)
			SetupTypeCache (160ms)
			ReleaseScriptCaches (2ms)
			RebuildScriptCaches (44ms)
			SetupLoadedEditorAssemblies (299ms)
				LogAssemblyErrors (0ms)
				InitializePlatformSupportModulesInManaged (24ms)
				SetLoadedEditorAssemblies (0ms)
				RefreshPlugins (1ms)
				BeforeProcessingInitializeOnLoad (51ms)
				ProcessInitializeOnLoadAttributes (191ms)
				ProcessInitializeOnLoadMethodAttributes (26ms)
				AfterProcessingInitializeOnLoad (5ms)
				EditorAssembliesLoaded (0ms)
			ExecutionOrderSort2 (0ms)
			AwakeInstancesAfterBackupRestoration (6ms)
Platform modules already initialized, skipping
Shader 'Sand/Sky': fallback shader 'Transparent' not found
Refreshing native plugins compatible for Editor in 1.47 ms, found 2 plugins.
Preloading 0 native plugins for Editor in 0.00 ms.
Unloading 1912 Unused Serialized files (Serialized files now loaded: 0)
Unloading 28 unused Assets / (1.5 MB). Loaded Objects now: 2441.
Memory consumption went from 108.0 MB to 106.4 MB.
Total: 2.688000 ms (FindLiveObjects: 0.194200 ms CreateObjectMapping: 0.040900 ms MarkObjects: 2.201800 ms  DeleteObjects: 0.250000 ms)

AssetImportParameters requested are different than current active one (requested -> active):
  custom:video-decoder-ogg-theora: a1e56fd34408186e4bbccfd4996cb3dc -> 
  custom:container-muxer-webm: aa71ff27fc2769a1b78a27578f13a17b -> 
  custom:container-demuxer-webm: 4f35f7cbe854078d1ac9338744f61a02 -> 
  custom:video-encoder-webm-vp8: eb34c28f22e8b96e1ab97ce403110664 -> 
  custom:video-codec-MediaFoundation-h265: 746d11721c4dcdbdad8f713fa42b33f4 -> 
  custom:audio-encoder-webm-vorbis: bf7c407c2cedff20999df2af8eb42d56 -> 
  custom:framework-win-MediaFoundation: 216162199b28c13a410421893ffa2e32 -> 
  custom:container-demuxer-ogg: 62fdf1f143b41e24485cea50d1cbac27 -> 
  custom:video-decoder-webm-vp8: 9c59270c3fd7afecdb556c50c9e8de78 -> 
  custom:audio-decoder-ogg-vorbis: bf7c407c2cedff20999df2af8eb42d56 -> 
========================================================================
Received Prepare
Registering precompiled user dll's ...
Registered in 0.001992 seconds.
Begin MonoManager ReloadAssembly
Native extension for LinuxStandalone target not found
Native extension for WindowsStandalone target not found
Native extension for Android target not found
Native extension for WebGL target not found
Refreshing native plugins compatible for Editor in 0.70 ms, found 2 plugins.
Preloading 0 native plugins for Editor in 0.00 ms.
Mono: successfully reloaded assembly
- Completed reload, in  0.803 seconds
Domain Reload Profiling:
	ReloadAssembly (804ms)
		BeginReloadAssembly (113ms)
			ExecutionOrderSort (0ms)
			DisableScriptedObjects (5ms)
			BackupInstance (0ms)
			ReleaseScriptingObjects (0ms)
			CreateAndSetChildDomain (33ms)
		EndReloadAssembly (607ms)
			LoadAssemblies (62ms)
			RebuildTransferFunctionScriptingTraits (0ms)
			SetupTypeCache (154ms)
			ReleaseScriptCaches (1ms)
			RebuildScriptCaches (43ms)
			SetupLoadedEditorAssemblies (309ms)
				LogAssemblyErrors (0ms)
				InitializePlatformSupportModulesInManaged (20ms)
				SetLoadedEditorAssemblies (0ms)
				RefreshPlugins (1ms)
				BeforeProcessingInitializeOnLoad (52ms)
				ProcessInitializeOnLoadAttributes (203ms)
				ProcessInitializeOnLoadMethodAttributes (27ms)
				AfterProcessingInitializeOnLoad (5ms)
				EditorAssembliesLoaded (0ms)
			ExecutionOrderSort2 (0ms)
			AwakeInstancesAfterBackupRestoration (6ms)
Platform modules already initialized, skipping
Shader 'Sand/Sky': fallback shader 'Transparent' not found
Refreshing native plugins compatible for Editor in 1.50 ms, found 2 plugins.
Preloading 0 native plugins for Editor in 0.00 ms.
Unloading 1912 Unused Serialized files (Serialized files now loaded: 0)
Unloading 28 unused Assets / (1.5 MB). Loaded Objects now: 2444.
Memory consumption went from 108.0 MB to 106.4 MB.
Total: 2.639100 ms (FindLiveObjects: 0.171300 ms CreateObjectMapping: 0.047300 ms MarkObjects: 2.163800 ms  DeleteObjects: 0.256100 ms)

AssetImportParameters requested are different than current active one (requested -> active):
  custom:video-decoder-ogg-theora: a1e56fd34408186e4bbccfd4996cb3dc -> 
  custom:container-muxer-webm: aa71ff27fc2769a1b78a27578f13a17b -> 
  custom:container-demuxer-webm: 4f35f7cbe854078d1ac9338744f61a02 -> 
  custom:video-encoder-webm-vp8: eb34c28f22e8b96e1ab97ce403110664 -> 
  custom:video-codec-MediaFoundation-h265: 746d11721c4dcdbdad8f713fa42b33f4 -> 
  custom:audio-encoder-webm-vorbis: bf7c407c2cedff20999df2af8eb42d56 -> 
  custom:framework-win-MediaFoundation: 216162199b28c13a410421893ffa2e32 -> 
  custom:container-demuxer-ogg: 62fdf1f143b41e24485cea50d1cbac27 -> 
  custom:video-decoder-webm-vp8: 9c59270c3fd7afecdb556c50c9e8de78 -> 
  custom:audio-decoder-ogg-vorbis: bf7c407c2cedff20999df2af8eb42d56 -> 
========================================================================
Received Import Request.
  Time since last request: 249926.100581 seconds.
  path: Assets/Rocks/Rock Assets/Meshes/2 Color/Round_Rocks/Rock_Round_crk_m_2C_02.fbx
  artifactKey: Guid(fc2d9d297fa3d464d93f5ec3189ea031) Importer(815301076,1909f56bfc062723c751e8b465ee728b)
Start importing Assets/Rocks/Rock Assets/Meshes/2 Color/Round_Rocks/Rock_Round_crk_m_2C_02.fbx using Guid(fc2d9d297fa3d464d93f5ec3189ea031) Importer(815301076,1909f56bfc062723c751e8b465ee728b)  -> (artifact id: 'f93e93cbcf9d35a4388ce7f30b6f13a1') in 0.125432 seconds 
========================================================================
Received Import Request.
  Time since last request: 0.000021 seconds.
  path: Assets/Rocks/Rock Assets/Meshes/2 Color/Round_Rocks/Rock_Round_m_2C_10.fbx
  artifactKey: Guid(2a1ce145dc927974e9bcf378ebfa7d14) Importer(815301076,1909f56bfc062723c751e8b465ee728b)
Start importing Assets/Rocks/Rock Assets/Meshes/2 Color/Round_Rocks/Rock_Round_m_2C_10.fbx using Guid(2a1ce145dc927974e9bcf378ebfa7d14) Importer(815301076,1909f56bfc062723c751e8b465ee728b)  -> (artifact id: '1883ce60ee6dc131a0fc5741965456f2') in 0.038226 seconds 
========================================================================
Received Import Request.
  Time since last request: 0.000042 seconds.
  path: Assets/Rocks/Rock Assets/Meshes/2 Color/Round_Rocks/Rocks_Round_m_2C_05.fbx
  artifactKey: Guid(b63ff9d0428db494fa574fdfb44b9eba) Importer(815301076,1909f56bfc062723c751e8b465ee728b)
Start importing Assets/Rocks/Rock Assets/Meshes/2 Color/Round_Rocks/Rocks_Round_m_2C_05.fbx using Guid(b63ff9d0428db494fa574fdfb44b9eba) Importer(815301076,1909f56bfc062723c751e8b465ee728b)  -> (artifact id: '3889f7c60ab2f61ea8bac4712e0f7562') in 0.027845 seconds 
========================================================================
Received Import Request.
  Time since last request: 0.000022 seconds.
  path: Assets/Rocks/Rock Assets/Meshes/2 Color/Round_Rocks/Rocks_Round_m_2C_01.fbx
  artifactKey: Guid(969d22d954da2e24abcf812fca1f9f7d) Importer(815301076,1909f56bfc062723c751e8b465ee728b)
Start importing Assets/Rocks/Rock Assets/Meshes/2 Color/Round_Rocks/Rocks_Round_m_2C_01.fbx using Guid(969d22d954da2e24abcf812fca1f9f7d) Importer(815301076,1909f56bfc062723c751e8b465ee728b)  -> (artifact id: '4f3075338f053a373b0748e5c580fd1d') in 0.020521 seconds 
========================================================================
Received Import Request.
  Time since last request: 0.000024 seconds.
  path: Assets/Rocks/Rock Assets/Meshes/2 Color/Round_Rocks/Rock_Round_m_2C_15.fbx
  artifactKey: Guid(d7bba1fe040a6ea4ab91b0546b210778) Importer(815301076,1909f56bfc062723c751e8b465ee728b)
Start importing Assets/Rocks/Rock Assets/Meshes/2 Color/Round_Rocks/Rock_Round_m_2C_15.fbx using Guid(d7bba1fe040a6ea4ab91b0546b210778) Importer(815301076,1909f56bfc062723c751e8b465ee728b)  -> (artifact id: 'd17d090942c44aede7ba1fbedc51f4ca') in 0.021080 seconds 
========================================================================
Received Import Request.
  Time since last request: 0.000019 seconds.
  path: Assets/Rocks/Rock Assets/Meshes/2 Color/Round_Rocks/Rock_Round_s_2C_03.fbx
  artifactKey: Guid(28d1046190cba4145b3d9b4f3a95b580) Importer(815301076,1909f56bfc062723c751e8b465ee728b)
Start importing Assets/Rocks/Rock Assets/Meshes/2 Color/Round_Rocks/Rock_Round_s_2C_03.fbx using Guid(28d1046190cba4145b3d9b4f3a95b580) Importer(815301076,1909f56bfc062723c751e8b465ee728b)  -> (artifact id: '5741e5773af76267f4b0f554643100de') in 0.023384 seconds 
========================================================================
Received Import Request.
  Time since last request: 0.000030 seconds.
  path: Assets/Rocks/Rock Assets/Meshes/2 Color/Round_Rocks/Rock_Round_l_2C_02.fbx
  artifactKey: Guid(b5564a06a4716b144ad108b0cd775e6a) Importer(815301076,1909f56bfc062723c751e8b465ee728b)
Start importing Assets/Rocks/Rock Assets/Meshes/2 Color/Round_Rocks/Rock_Round_l_2C_02.fbx using Guid(b5564a06a4716b144ad108b0cd775e6a) Importer(815301076,1909f56bfc062723c751e8b465ee728b)  -> (artifact id: '37a6b705ce2dd89616ae2510d532385f') in 0.022108 seconds 
========================================================================
Received Import Request.
  Time since last request: 0.000021 seconds.
  path: Assets/Rocks/Rock Assets/Meshes/2 Color/Round_Rocks/Rocks_Round_m_2C_03.fbx
  artifactKey: Guid(b074b8f66f3fff7418d8c06c9c370561) Importer(815301076,1909f56bfc062723c751e8b465ee728b)
Start importing Assets/Rocks/Rock Assets/Meshes/2 Color/Round_Rocks/Rocks_Round_m_2C_03.fbx using Guid(b074b8f66f3fff7418d8c06c9c370561) Importer(815301076,1909f56bfc062723c751e8b465ee728b)  -> (artifact id: '4c96e8d6e4976350ecfd2f47dc37e298') in 0.036684 seconds 
========================================================================
Received Import Request.
  Time since last request: 0.000032 seconds.
  path: Assets/Rocks/Rock Assets/Meshes/2 Color/Round_Rocks/Rock_Round_s_2C_01.fbx
  artifactKey: Guid(c2ab7fff7e67bd24387f7857cea20319) Importer(815301076,1909f56bfc062723c751e8b465ee728b)
Start importing Assets/Rocks/Rock Assets/Meshes/2 Color/Round_Rocks/Rock_Round_s_2C_01.fbx using Guid(c2ab7fff7e67bd24387f7857cea20319) Importer(815301076,1909f56bfc062723c751e8b465ee728b)  -> (artifact id: 'd52b2c5209d4c4d2b45943feb829fbad') in 0.019209 seconds 
========================================================================
Received Import Request.
  Time since last request: 0.000028 seconds.
  path: Assets/Rocks/Rock Assets/Meshes/2 Color/Round_Rocks/Rocks_Round_s_2C_02.fbx
  artifactKey: Guid(17f7ab4631b00d142b4475e40d8f4e3c) Importer(815301076,1909f56bfc062723c751e8b465ee728b)
Start importing Assets/Rocks/Rock Assets/Meshes/2 Color/Round_Rocks/Rocks_Round_s_2C_02.fbx using Guid(17f7ab4631b00d142b4475e40d8f4e3c) Importer(815301076,1909f56bfc062723c751e8b465ee728b)  -> (artifact id: 'f1602f96be9be114f91d70e2c2b91463') in 0.019880 seconds 
========================================================================
Received Import Request.
  Time since last request: 0.000037 seconds.
  path: Assets/Rocks/Rock Assets/Meshes/2 Color/Round_Rocks/Rock_Round_l_2C_06.fbx
  artifactKey: Guid(40e014b4cf5acc8488fcd1f8beb10f4f) Importer(815301076,1909f56bfc062723c751e8b465ee728b)
Start importing Assets/Rocks/Rock Assets/Meshes/2 Color/Round_Rocks/Rock_Round_l_2C_06.fbx using Guid(40e014b4cf5acc8488fcd1f8beb10f4f) Importer(815301076,1909f56bfc062723c751e8b465ee728b)  -> (artifact id: 'b52e364b02c0609902870a3e80ee1316') in 0.020817 seconds 
========================================================================
Received Import Request.
  Time since last request: 0.000031 seconds.
  path: Assets/Rocks/Rock Assets/Meshes/2 Color/Round_Rocks/Rock_Round_l_2C_03.fbx
  artifactKey: Guid(2cdf174e904e0d44f819a450e07f6a80) Importer(815301076,1909f56bfc062723c751e8b465ee728b)
Start importing Assets/Rocks/Rock Assets/Meshes/2 Color/Round_Rocks/Rock_Round_l_2C_03.fbx using Guid(2cdf174e904e0d44f819a450e07f6a80) Importer(815301076,1909f56bfc062723c751e8b465ee728b)  -> (artifact id: 'e4f6c66a506a05c33448993812bd580a') in 0.019915 seconds 
========================================================================
Received Import Request.
  Time since last request: 0.000038 seconds.
  path: Assets/Rocks/Rock Assets/Meshes/2 Color/Round_Rocks/Rock_Round_m_2C_07.fbx
  artifactKey: Guid(09a77e1de9050954cbffeeaa26a06b69) Importer(815301076,1909f56bfc062723c751e8b465ee728b)
Start importing Assets/Rocks/Rock Assets/Meshes/2 Color/Round_Rocks/Rock_Round_m_2C_07.fbx using Guid(09a77e1de9050954cbffeeaa26a06b69) Importer(815301076,1909f56bfc062723c751e8b465ee728b)  -> (artifact id: '1d3dccb8d2ed4fd214042bc9e95b7c83') in 0.017086 seconds 
========================================================================
Received Import Request.
  Time since last request: 0.000022 seconds.
  path: Assets/Rocks/Rock Assets/Meshes/2 Color/Round_Rocks/Rock_Round_s_2C_02.fbx
  artifactKey: Guid(0d3a22aee09656d408b3a6560e45e5a1) Importer(815301076,1909f56bfc062723c751e8b465ee728b)
Start importing Assets/Rocks/Rock Assets/Meshes/2 Color/Round_Rocks/Rock_Round_s_2C_02.fbx using Guid(0d3a22aee09656d408b3a6560e45e5a1) Importer(815301076,1909f56bfc062723c751e8b465ee728b)  -> (artifact id: '96e7808a9ff7260ed5683fd8520854c0') in 0.019749 seconds 
========================================================================
Received Import Request.
  Time since last request: 0.000030 seconds.
  path: Assets/Rocks/Rock Assets/Meshes/2 Color/Round_Rocks/Rock_Round_m_2C_02.fbx
  artifactKey: Guid(a9fda4ae95ce47a4d8e839cb935667bb) Importer(815301076,1909f56bfc062723c751e8b465ee728b)
Start importing Assets/Rocks/Rock Assets/Meshes/2 Color/Round_Rocks/Rock_Round_m_2C_02.fbx using Guid(a9fda4ae95ce47a4d8e839cb935667bb) Importer(815301076,1909f56bfc062723c751e8b465ee728b)  -> (artifact id: 'fac4eb5c41ec01096b8e865d6cf770ea') in 0.023193 seconds 
========================================================================
Received Import Request.
  Time since last request: 0.000034 seconds.
  path: Assets/Rocks/Rock Assets/Meshes/2 Color/Round_Rocks/Rocks_Round_m_2C_02.fbx
  artifactKey: Guid(5221566c69e6d424886c610f6bde65de) Importer(815301076,1909f56bfc062723c751e8b465ee728b)
Start importing Assets/Rocks/Rock Assets/Meshes/2 Color/Round_Rocks/Rocks_Round_m_2C_02.fbx using Guid(5221566c69e6d424886c610f6bde65de) Importer(815301076,1909f56bfc062723c751e8b465ee728b)  -> (artifact id: 'cbbe770cd650c2b8c2bc4f0c75eacc23') in 0.021875 seconds 
========================================================================
Received Import Request.
  Time since last request: 0.000023 seconds.
  path: Assets/Rocks/Rock Assets/Meshes/2 Color/Round_Rocks/Rocks_Round_s_2C_03.fbx
  artifactKey: Guid(26e186b5052b5df4faed7f70f2354800) Importer(815301076,1909f56bfc062723c751e8b465ee728b)
Start importing Assets/Rocks/Rock Assets/Meshes/2 Color/Round_Rocks/Rocks_Round_s_2C_03.fbx using Guid(26e186b5052b5df4faed7f70f2354800) Importer(815301076,1909f56bfc062723c751e8b465ee728b)  -> (artifact id: '7734ac25472b235153162ef2acb1ddc0') in 0.016435 seconds 
========================================================================
Received Import Request.
  Time since last request: 0.000021 seconds.
  path: Assets/Rocks/Rock Assets/Meshes/2 Color/Round_Rocks/Rock_Round_l_2C_01.fbx
  artifactKey: Guid(c0184a3c32d5a1844920baaaf3fc3667) Importer(815301076,1909f56bfc062723c751e8b465ee728b)
Start importing Assets/Rocks/Rock Assets/Meshes/2 Color/Round_Rocks/Rock_Round_l_2C_01.fbx using Guid(c0184a3c32d5a1844920baaaf3fc3667) Importer(815301076,1909f56bfc062723c751e8b465ee728b)  -> (artifact id: '034df7a1a5a5ba5ae5c25a42314f1f86') in 0.017398 seconds 
========================================================================
Received Import Request.
  Time since last request: 0.000027 seconds.
  path: Assets/Rocks/Rock Assets/Meshes/2 Color/Round_Rocks/Rock_Round_m_2C_08.fbx
  artifactKey: Guid(a2e9fd933a1e2784e8afec1ec4cb22af) Importer(815301076,1909f56bfc062723c751e8b465ee728b)
Start importing Assets/Rocks/Rock Assets/Meshes/2 Color/Round_Rocks/Rock_Round_m_2C_08.fbx using Guid(a2e9fd933a1e2784e8afec1ec4cb22af) Importer(815301076,1909f56bfc062723c751e8b465ee728b)  -> (artifact id: '2af9e1938887c6ca1a70da1fb0bd0757') in 0.017182 seconds 
========================================================================
Received Import Request.
  Time since last request: 0.000024 seconds.
  path: Assets/Rocks/Rock Assets/Meshes/2 Color/Round_Rocks/Rock_Round_m_2C_05.fbx
  artifactKey: Guid(df5bd5355a0ee154ca87b5fc51d8790c) Importer(815301076,1909f56bfc062723c751e8b465ee728b)
Start importing Assets/Rocks/Rock Assets/Meshes/2 Color/Round_Rocks/Rock_Round_m_2C_05.fbx using Guid(df5bd5355a0ee154ca87b5fc51d8790c) Importer(815301076,1909f56bfc062723c751e8b465ee728b)  -> (artifact id: '48dc69392d6dfcfa1ba32eef1aa58e04') in 0.017308 seconds 
========================================================================
Received Import Request.
  Time since last request: 0.000029 seconds.
  path: Assets/Rocks/Rock Assets/Meshes/2 Color/Round_Rocks/Rocks_Round_l_2C_02.fbx
  artifactKey: Guid(7e337ced73794f74f89269afb30f71c2) Importer(815301076,1909f56bfc062723c751e8b465ee728b)
Start importing Assets/Rocks/Rock Assets/Meshes/2 Color/Round_Rocks/Rocks_Round_l_2C_02.fbx using Guid(7e337ced73794f74f89269afb30f71c2) Importer(815301076,1909f56bfc062723c751e8b465ee728b)  -> (artifact id: '14c63fe04b952f1399d8d74510d8a159') in 0.018181 seconds 
========================================================================
Received Import Request.
  Time since last request: 0.000031 seconds.
  path: Assets/Rocks/Rock Assets/Meshes/2 Color/Round_Rocks/Rock_Round_l_2C_08.fbx
  artifactKey: Guid(ebeed53e3a263654bb0bdabf29e4f349) Importer(815301076,1909f56bfc062723c751e8b465ee728b)
Start importing Assets/Rocks/Rock Assets/Meshes/2 Color/Round_Rocks/Rock_Round_l_2C_08.fbx using Guid(ebeed53e3a263654bb0bdabf29e4f349) Importer(815301076,1909f56bfc062723c751e8b465ee728b)  -> (artifact id: '582e12467c48cb078541fbaae2c1301f') in 0.019002 seconds 
========================================================================
Received Import Request.
  Time since last request: 0.000026 seconds.
  path: Assets/Rocks/Rock Assets/Meshes/2 Color/Round_Rocks/Rock_Round_crk_m_2C_05.fbx
  artifactKey: Guid(307cbd4dfb433dc43a7948f3c06d8098) Importer(815301076,1909f56bfc062723c751e8b465ee728b)
Start importing Assets/Rocks/Rock Assets/Meshes/2 Color/Round_Rocks/Rock_Round_crk_m_2C_05.fbx using Guid(307cbd4dfb433dc43a7948f3c06d8098) Importer(815301076,1909f56bfc062723c751e8b465ee728b)  -> (artifact id: '9533043504bf60ba70e05f8e513ace78') in 0.018410 seconds 
========================================================================
Received Prepare
Registering precompiled user dll's ...
Registered in 0.002448 seconds.
Begin MonoManager ReloadAssembly
Native extension for LinuxStandalone target not found
Native extension for WindowsStandalone target not found
Native extension for Android target not found
Native extension for WebGL target not found
Refreshing native plugins compatible for Editor in 1.14 ms, found 2 plugins.
Preloading 0 native plugins for Editor in 0.00 ms.
Mono: successfully reloaded assembly
- Completed reload, in  0.871 seconds
Domain Reload Profiling:
	ReloadAssembly (872ms)
		BeginReloadAssembly (121ms)
			ExecutionOrderSort (0ms)
			DisableScriptedObjects (4ms)
			BackupInstance (0ms)
			ReleaseScriptingObjects (0ms)
			CreateAndSetChildDomain (39ms)
		EndReloadAssembly (670ms)
			LoadAssemblies (70ms)
			RebuildTransferFunctionScriptingTraits (0ms)
			SetupTypeCache (188ms)
			ReleaseScriptCaches (2ms)
			RebuildScriptCaches (46ms)
			SetupLoadedEditorAssemblies (331ms)
				LogAssemblyErrors (0ms)
				InitializePlatformSupportModulesInManaged (22ms)
				SetLoadedEditorAssemblies (1ms)
				RefreshPlugins (1ms)
				BeforeProcessingInitializeOnLoad (62ms)
				ProcessInitializeOnLoadAttributes (209ms)
				ProcessInitializeOnLoadMethodAttributes (31ms)
				AfterProcessingInitializeOnLoad (6ms)
				EditorAssembliesLoaded (0ms)
			ExecutionOrderSort2 (0ms)
			AwakeInstancesAfterBackupRestoration (6ms)
Platform modules already initialized, skipping
Shader 'Sand/Sky': fallback shader 'Transparent' not found
Refreshing native plugins compatible for Editor in 1.88 ms, found 2 plugins.
Preloading 0 native plugins for Editor in 0.00 ms.
Unloading 1912 Unused Serialized files (Serialized files now loaded: 0)
Unloading 28 unused Assets / (1.5 MB). Loaded Objects now: 2458.
Memory consumption went from 112.1 MB to 110.6 MB.
Total: 3.302000 ms (FindLiveObjects: 0.180800 ms CreateObjectMapping: 0.046900 ms MarkObjects: 2.808700 ms  DeleteObjects: 0.264200 ms)

AssetImportParameters requested are different than current active one (requested -> active):
  custom:video-decoder-ogg-theora: a1e56fd34408186e4bbccfd4996cb3dc -> 
  custom:container-muxer-webm: aa71ff27fc2769a1b78a27578f13a17b -> 
  custom:container-demuxer-webm: 4f35f7cbe854078d1ac9338744f61a02 -> 
  custom:video-encoder-webm-vp8: eb34c28f22e8b96e1ab97ce403110664 -> 
  custom:video-codec-MediaFoundation-h265: 746d11721c4dcdbdad8f713fa42b33f4 -> 
  custom:audio-encoder-webm-vorbis: bf7c407c2cedff20999df2af8eb42d56 -> 
  custom:framework-win-MediaFoundation: 216162199b28c13a410421893ffa2e32 -> 
  custom:container-demuxer-ogg: 62fdf1f143b41e24485cea50d1cbac27 -> 
  custom:video-decoder-webm-vp8: 9c59270c3fd7afecdb556c50c9e8de78 -> 
  custom:audio-decoder-ogg-vorbis: bf7c407c2cedff20999df2af8eb42d56 -> 
Editor requested this worker to shutdown with reason: Scaling down because of idle timeout
AssetImportWorker is now disconnected from the server
Process exiting
Exiting without the bug reporter. Application will terminate with return code 0